2015/01/23 16:08:53 [empty.go:23] [I] Update service/mysql-1/leader request success! 
2015/01/23 16:08:53 [empty.go:30] [I] Update service/mysql-1/leader success! 
2015/01/23 16:09:36 [empty.go:23] [I] Update service/mysql-1/leader request success! 
2015/01/23 16:09:36 [empty.go:30] [I] Update service/mysql-1/leader success! 
2015/01/23 16:26:36 [empty.go:23] [I] Update service/mysql-1/leader request success! 
2015/01/23 16:26:36 [empty.go:30] [I] Update service/mysql-1/leader success! 
2015/01/23 16:27:27 [empty.go:23] [I] Update service/mysql-1/leader request success! 
2015/01/23 16:27:27 [empty.go:30] [I] Update service/mysql-1/leader success! 
2015/01/26 18:03:24 [empty.go:23] [I] Update service/mysql-1/leader request success! 
2015/01/26 18:03:24 [empty.go:30] [I] Update service/mysql-1/leader success! 
2015/01/27 12:09:33 [empty.go:26] [I] Update service/mysql-1/leader request success! 
2015/01/27 12:09:33 [empty.go:33] [I] Update service/mysql-1/leader success! 
2015/01/27 12:09:33 [slave.go:29] [E] error: sql: expected 44 destination arguments in Scan, not 1 
2015/01/27 12:13:42 [empty.go:26] [I] Update service/mysql-1/leader request success! 
2015/01/27 12:13:42 [empty.go:33] [I] Update service/mysql-1/leader success! 
2015/01/27 12:13:42 [slave.go:29] [E] error: sql: expected 44 destination arguments in Scan, not 1 
2015/01/27 15:00:07 [empty.go:26] [I] Update service/mysql-1/leader request success! 
2015/01/27 15:00:07 [empty.go:33] [I] Update service/mysql-1/leader success! 
2015/01/27 15:01:55 [empty.go:26] [I] Update service/mysql-1/leader request success! 
2015/01/27 15:01:55 [empty.go:33] [I] Update service/mysql-1/leader success! 
2015/01/27 15:07:26 [empty.go:26] [I] Update service/mysql-1/leader request success! 
2015/01/27 15:07:26 [empty.go:33] [I] Update service/mysql-1/leader success! 
2015/01/27 15:08:07 [empty.go:26] [I] Update service/mysql-1/leader request success! 
2015/01/27 15:08:07 [empty.go:33] [I] Update service/mysql-1/leader success! 
2015/01/27 15:08:07 [slave.go:31] [E] error: sql: expected 44 destination arguments in Scan, not 1 
2015/01/27 15:38:03 [empty.go:26] [I] Update service/mysql-1/leader request success! 
2015/01/27 15:38:03 [empty.go:33] [I] Update service/mysql-1/leader success! 
2015/01/27 15:39:07 [empty.go:26] [I] Update service/mysql-1/leader request success! 
2015/01/27 15:39:07 [empty.go:33] [I] Update service/mysql-1/leader success! 
2015/01/27 15:40:50 [empty.go:26] [I] Update service/mysql-1/leader request success! 
2015/01/27 15:40:50 [empty.go:33] [I] Update service/mysql-1/leader success! 
2015/01/27 15:41:04 [empty.go:26] [I] Update service/mysql-1/leader request success! 
2015/01/27 15:41:04 [empty.go:33] [I] Update service/mysql-1/leader success! 
2015/01/27 15:41:27 [empty.go:26] [I] Update service/mysql-1/leader request success! 
2015/01/27 15:41:27 [empty.go:33] [I] Update service/mysql-1/leader success! 
2015/01/27 15:42:39 [empty.go:26] [I] Update service/mysql-1/leader request success! 
2015/01/27 15:42:39 [empty.go:33] [I] Update service/mysql-1/leader success! 
2015/01/27 15:43:13 [empty.go:26] [I] Update service/mysql-1/leader request success! 
2015/01/27 15:43:13 [empty.go:33] [I] Update service/mysql-1/leader success! 
2015/01/27 15:46:43 [empty.go:26] [I] Update service/mysql-1/leader request success! 
2015/01/27 15:46:43 [empty.go:33] [I] Update service/mysql-1/leader success! 
2015/01/27 15:47:03 [empty.go:26] [I] Update service/mysql-1/leader request success! 
2015/01/27 15:47:03 [empty.go:33] [I] Update service/mysql-1/leader success! 
2015/01/27 15:48:26 [empty.go:26] [I] Update service/mysql-1/leader request success! 
2015/01/27 15:48:26 [empty.go:33] [I] Update service/mysql-1/leader success! 
2015/01/27 15:49:08 [empty.go:26] [I] Update service/mysql-1/leader request success! 
2015/01/27 15:49:08 [empty.go:33] [I] Update service/mysql-1/leader success! 
2015/01/27 15:49:53 [empty.go:26] [I] Update service/mysql-1/leader request success! 
2015/01/27 15:49:54 [empty.go:33] [I] Update service/mysql-1/leader success! 
2015/01/27 15:51:28 [empty.go:26] [I] Update service/mysql-1/leader request success! 
2015/01/27 15:51:28 [empty.go:33] [I] Update service/mysql-1/leader success! 
2015/01/27 15:51:28 [slave.go:48] [E] scan err: sql: expected 44 destination arguments in Scan, not 1 
2015/01/27 15:51:28 [slave.go:55] [E] scan err: sql: expected 44 destination arguments in Scan, not 1 
2015/01/27 15:51:52 [empty.go:26] [I] Update service/mysql-1/leader request success! 
2015/01/27 15:51:52 [empty.go:33] [I] Update service/mysql-1/leader success! 
2015/01/27 15:51:52 [slave.go:48] [E] scan err: sql: expected 44 destination arguments in Scan, not 1 
2015/01/27 15:51:52 [slave.go:55] [E] scan err: sql: expected 44 destination arguments in Scan, not 1 
2015/01/27 15:54:30 [empty.go:26] [I] Update service/mysql-1/leader request success! 
2015/01/27 15:54:30 [empty.go:33] [I] Update service/mysql-1/leader success! 
2015/01/27 15:54:30 [slave.go:45] [E] scan err: sql: expected 44 destination arguments in Scan, not 1 
2015/01/27 15:54:44 [empty.go:26] [I] Update service/mysql-1/leader request success! 
2015/01/27 15:54:44 [empty.go:33] [I] Update service/mysql-1/leader success! 
2015/01/27 15:54:44 [slave.go:45] [E] scan err: sql: expected 44 destination arguments in Scan, not 1 
2015/01/27 15:56:39 [empty.go:26] [I] Update service/mysql-1/leader request success! 
2015/01/27 15:56:39 [empty.go:33] [I] Update service/mysql-1/leader success! 
2015/01/27 15:56:39 [slave.go:47] [E] scan err: sql: expected 44 destination arguments in Scan, not 2 
2015/01/27 15:58:20 [empty.go:26] [I] Update service/mysql-1/leader request success! 
2015/01/27 15:58:20 [empty.go:33] [I] Update service/mysql-1/leader success! 
2015/01/27 16:10:41 [empty.go:26] [I] Update service/mysql-1/leader request success! 
2015/01/27 16:10:42 [empty.go:33] [I] Update service/mysql-1/leader success! 
2015/01/27 16:11:07 [empty.go:26] [I] Update service/mysql-1/leader request success! 
2015/01/27 16:11:07 [empty.go:33] [I] Update service/mysql-1/leader success! 
2015/01/27 16:11:07 [slave.go:90] [E] scan err: sql: expected 44 destination arguments in Scan, not 1 
2015/01/27 16:11:20 [empty.go:26] [I] Update service/mysql-1/leader request success! 
2015/01/27 16:11:20 [empty.go:33] [I] Update service/mysql-1/leader success! 
2015/01/27 16:11:20 [slave.go:90] [E] scan err: sql: expected 44 destination arguments in Scan, not 1 
2015/01/27 16:21:13 [empty.go:26] [I] Update service/mysql-1/leader request success! 
2015/01/27 16:21:13 [empty.go:33] [I] Update service/mysql-1/leader success! 
2015/01/27 16:21:13 [slave.go:91] [E] scan err: sql: expected 44 destination arguments in Scan, not 1 
2015/01/27 16:33:50 [empty.go:26] [I] Update service/mysql-1/leader request success! 
2015/01/27 16:33:50 [empty.go:33] [I] Update service/mysql-1/leader success! 
2015/01/27 16:33:50 [slave.go:98] [E] scan err: sql: Scan error on column index 32: unsupported driver -> Scan pair: <nil> -> *string 
2015/01/27 16:35:05 [empty.go:26] [I] Update service/mysql-1/leader request success! 
2015/01/27 16:35:05 [empty.go:33] [I] Update service/mysql-1/leader success! 
2015/01/27 16:35:06 [slave.go:97] [E] scan err: sql: Scan error on column index 32: unsupported driver -> Scan pair: <nil> -> *string 
2015/01/27 16:35:57 [empty.go:26] [I] Update service/mysql-1/leader request success! 
2015/01/27 16:35:58 [empty.go:33] [I] Update service/mysql-1/leader success! 
2015/01/27 16:35:58 [slave.go:97] [E] scan err: sql: Scan error on column index 32: unsupported driver -> Scan pair: <nil> -> *string 
2015/01/27 16:36:29 [empty.go:26] [I] Update service/mysql-1/leader request success! 
2015/01/27 16:36:29 [empty.go:33] [I] Update service/mysql-1/leader success! 
2015/01/27 16:36:29 [slave.go:97] [E] scan err: sql: Scan error on column index 32: unsupported driver -> Scan pair: <nil> -> *string 
2015/01/27 16:36:52 [empty.go:26] [I] Update service/mysql-1/leader request success! 
2015/01/27 16:36:52 [empty.go:33] [I] Update service/mysql-1/leader success! 
2015/01/27 16:38:17 [empty.go:26] [I] Update service/mysql-1/leader request success! 
2015/01/27 16:38:17 [empty.go:33] [I] Update service/mysql-1/leader success! 
2015/01/27 16:38:29 [empty.go:26] [I] Update service/mysql-1/leader request success! 
2015/01/27 16:38:29 [empty.go:33] [I] Update service/mysql-1/leader success! 
2015/01/27 16:39:02 [empty.go:26] [I] Update service/mysql-1/leader request success! 
2015/01/27 16:39:02 [empty.go:33] [I] Update service/mysql-1/leader success! 
2015/01/27 16:43:47 [empty.go:26] [I] Update service/mysql-1/leader request success! 
2015/01/27 16:43:47 [empty.go:33] [I] Update service/mysql-1/leader success! 
2015/01/27 16:44:26 [empty.go:26] [I] Update service/mysql-1/leader request success! 
2015/01/27 16:44:27 [empty.go:33] [I] Update service/mysql-1/leader success! 
2015/01/27 16:44:49 [empty.go:26] [I] Update service/mysql-1/leader request success! 
2015/01/27 16:44:49 [empty.go:33] [I] Update service/mysql-1/leader success! 
2015/01/27 16:45:02 [empty.go:26] [I] Update service/mysql-1/leader request success! 
2015/01/27 16:45:02 [empty.go:33] [I] Update service/mysql-1/leader success! 
2015/01/27 16:45:13 [empty.go:26] [I] Update service/mysql-1/leader request success! 
2015/01/27 16:45:13 [empty.go:33] [I] Update service/mysql-1/leader success! 
2015/01/27 16:46:12 [empty.go:26] [I] Update service/mysql-1/leader request success! 
2015/01/27 16:46:12 [empty.go:33] [I] Update service/mysql-1/leader success! 
2015/01/27 16:46:12 [slave.go:97] [E] scan err: sql: Scan error on column index 0: destination not a pointer 
2015/01/27 16:49:00 [empty.go:26] [I] Update service/mysql-1/leader request success! 
2015/01/27 16:49:00 [empty.go:33] [I] Update service/mysql-1/leader success! 
2015/01/27 16:49:00 [slave.go:100] [E] scan err: sql: Scan error on column index 0: destination not a pointer 
2015/01/27 16:49:24 [empty.go:26] [I] Update service/mysql-1/leader request success! 
2015/01/27 16:49:24 [empty.go:33] [I] Update service/mysql-1/leader success! 
2015/01/27 16:49:24 [slave.go:100] [E] scan err: sql: Scan error on column index 0: destination pointer is nil 
2015/01/27 16:51:36 [empty.go:26] [I] Update service/mysql-1/leader request success! 
2015/01/27 16:51:36 [empty.go:33] [I] Update service/mysql-1/leader success! 
2015/01/27 16:51:36 [slave.go:100] [E] scan err: sql: Scan error on column index 0: destination not a pointer 
2015/01/27 16:51:46 [empty.go:26] [I] Update service/mysql-1/leader request success! 
2015/01/27 16:51:46 [empty.go:33] [I] Update service/mysql-1/leader success! 
2015/01/27 16:52:03 [empty.go:26] [I] Update service/mysql-1/leader request success! 
2015/01/27 16:52:03 [empty.go:33] [I] Update service/mysql-1/leader success! 
2015/01/27 17:21:12 [empty.go:26] [I] Update service/mysql-1/leader request success! 
2015/01/27 17:21:12 [empty.go:33] [I] Update service/mysql-1/leader success! 
2015/01/27 17:38:46 [empty.go:26] [I] Update service/mysql-1/leader request success! 
2015/01/27 17:38:46 [empty.go:33] [I] Update service/mysql-1/leader success! 
2015/01/27 17:43:21 [empty.go:26] [I] Update service/mysql-1/leader request success! 
2015/01/27 17:43:21 [empty.go:33] [I] Update service/mysql-1/leader success! 
2015/01/27 17:43:21 [slave.go:68] [E] error sql: Rows are closed 
2015/01/27 17:44:07 [empty.go:26] [I] Update service/mysql-1/leader request success! 
2015/01/27 17:44:07 [empty.go:33] [I] Update service/mysql-1/leader success! 
2015/01/27 18:07:23 [empty.go:26] [I] Update service/mysql-1/leader request success! 
2015/01/27 18:07:23 [empty.go:33] [I] Update service/mysql-1/leader success! 
2015/01/27 18:07:41 [empty.go:26] [I] Update service/mysql-1/leader request success! 
2015/01/27 18:07:41 [empty.go:33] [I] Update service/mysql-1/leader success! 
2015/01/27 18:12:55 [empty.go:26] [I] Update service/mysql-1/leader request success! 
2015/01/27 18:12:55 [empty.go:33] [I] Update service/mysql-1/leader success! 
2015/01/27 18:21:53 [empty.go:26] [I] Update service/mysql-1/leader request success! 
2015/01/27 18:21:53 [empty.go:33] [I] Update service/mysql-1/leader success! 
2015/01/28 11:20:21 [empty.go:26] [I] Update service/mysql-1/leader request success! 
2015/01/28 11:20:21 [empty.go:33] [I] Update service/mysql-1/leader success! 
2015/01/28 11:25:04 [empty.go:26] [I] Update service/mysql-1/leader request success! 
2015/01/28 11:25:04 [empty.go:33] [I] Update service/mysql-1/leader success! 
2015/01/28 11:25:31 [empty.go:26] [I] Update service/mysql-1/leader request success! 
2015/01/28 11:25:31 [empty.go:33] [I] Update service/mysql-1/leader success! 
2015/01/28 11:26:19 [empty.go:26] [I] Update service/mysql-1/leader request success! 
2015/01/28 11:26:19 [empty.go:33] [I] Update service/mysql-1/leader success! 
2015/01/28 11:31:20 [empty.go:26] [I] Update service/mysql-1/leader request success! 
2015/01/28 11:31:20 [empty.go:33] [I] Update service/mysql-1/leader success! 
2015/01/28 11:31:30 [empty.go:26] [I] Update service/mysql-1/leader request success! 
2015/01/28 11:31:30 [empty.go:33] [I] Update service/mysql-1/leader success! 
2015/01/28 11:37:18 [empty.go:26] [I] Update service/mysql-1/leader request success! 
2015/01/28 11:37:18 [empty.go:33] [I] Update service/mysql-1/leader success! 
2015/01/28 11:37:31 [empty.go:26] [I] Update service/mysql-1/leader request success! 
2015/01/28 11:37:31 [empty.go:33] [I] Update service/mysql-1/leader success! 
2015/01/28 14:23:48 [empty.go:31] [I] Update service/mysql-1/leader request success! 
2015/01/28 14:23:48 [empty.go:38] [I] Update service/mysql-1/leader success! 
2015/01/28 14:23:48 [slave.go:52] [E] SQL的复制线程不正常! <nil> 
2015/01/28 14:23:48 [empty.go:55] [I] NewRequest方法执行成功 
2015/01/28 14:23:48 [empty.go:59] [I] 200 
2015/01/28 14:23:48 [empty.go:64] [I] session 创建成功 
2015/01/28 14:23:48 [empty.go:71] [I] 读取session数据成功 
2015/01/28 14:23:48 [empty.go:79] [I] 解析session ID成功 
2015/01/28 14:23:48 [empty.go:80] [I] session ID: 2c7f27ab-4936-fab9-ce5b-e124968ebada 
2015/01/28 14:23:48 [empty.go:95] [I] acquire NewRequest方法执行成功 
2015/01/28 14:23:48 [empty.go:103] [I] acquire 加入锁成功 
2015/01/28 14:23:48 [empty.go:111] [I] 读取 acquire 数据成功 
2015/01/28 14:23:48 [empty.go:112] [I] kv acquire: false 
2015/01/28 14:31:26 [empty.go:31] [I] Update service/mysql-1/leader request success! 
2015/01/28 14:31:26 [empty.go:38] [I] Update service/mysql-1/leader success! 
2015/01/28 14:31:26 [slave.go:52] [E] SQL的复制线程不正常! <nil> 
2015/01/28 14:31:26 [empty.go:55] [I] NewRequest方法执行成功 
2015/01/28 14:31:26 [empty.go:59] [I] 200 
2015/01/28 14:31:26 [empty.go:64] [I] session 创建成功 
2015/01/28 14:31:26 [empty.go:71] [I] 读取session数据成功 
2015/01/28 14:31:26 [empty.go:79] [I] 解析session ID成功 
2015/01/28 14:31:26 [empty.go:80] [I] session ID: e45e01b2-224a-d766-2edb-ff126f9bfdb1 
2015/01/28 14:31:26 [empty.go:95] [I] acquire NewRequest方法执行成功 
2015/01/28 14:31:26 [empty.go:103] [I] acquire 加入锁成功 
2015/01/28 14:31:26 [empty.go:111] [I] 读取 acquire 数据成功 
2015/01/28 14:31:26 [empty.go:112] [I] kv acquire: false 
2015/01/28 14:38:50 [empty.go:31] [I] Update service/mysql-1/leader request success! 
2015/01/28 14:38:50 [empty.go:38] [I] Update service/mysql-1/leader success! 
2015/01/28 14:40:37 [empty.go:31] [I] Update service/mysql-1/leader request success! 
2015/01/28 14:40:37 [empty.go:38] [I] Update service/mysql-1/leader success! 
2015/01/28 14:40:37 [slave.go:53] [E] SQL的复制线程不正常! <nil> 
2015/01/28 14:40:37 [empty.go:55] [I] NewRequest方法执行成功 
2015/01/28 14:40:37 [empty.go:59] [I] 200 
2015/01/28 14:40:37 [empty.go:64] [I] session 创建成功 
2015/01/28 14:40:37 [empty.go:71] [I] 读取session数据成功 
2015/01/28 14:40:37 [empty.go:79] [I] 解析session ID成功 
2015/01/28 14:40:37 [empty.go:80] [I] session ID: 99a4fa3b-bbcd-e708-1134-fe2578b416b2 
2015/01/28 14:40:37 [empty.go:95] [I] acquire NewRequest方法执行成功 
2015/01/28 14:40:38 [empty.go:103] [I] acquire 加入锁成功 
2015/01/28 14:40:38 [empty.go:111] [I] 读取 acquire 数据成功 
2015/01/28 14:40:38 [empty.go:112] [I] kv acquire: false 
2015/01/28 14:41:19 [empty.go:31] [I] Update service/mysql-1/leader request success! 
2015/01/28 14:41:19 [empty.go:38] [I] Update service/mysql-1/leader success! 
2015/01/28 14:41:19 [empty.go:55] [I] NewRequest方法执行成功 
2015/01/28 14:41:19 [empty.go:59] [I] 200 
2015/01/28 14:41:19 [empty.go:64] [I] session 创建成功 
2015/01/28 14:41:19 [empty.go:71] [I] 读取session数据成功 
2015/01/28 14:41:19 [empty.go:79] [I] 解析session ID成功 
2015/01/28 14:41:19 [empty.go:80] [I] session ID: 847b7e3a-15b9-7cd4-1324-387ff188d5b2 
2015/01/28 14:41:19 [empty.go:95] [I] acquire NewRequest方法执行成功 
2015/01/28 14:41:19 [empty.go:103] [I] acquire 加入锁成功 
2015/01/28 14:41:19 [empty.go:111] [I] 读取 acquire 数据成功 
2015/01/28 14:41:19 [empty.go:112] [I] kv acquire: false 
