
2015/02/03 05:33:18 [empty.go:53] [I] 获得service/mysql-1/leader的信息NewRequest成功 
2015/02/03 05:33:18 [empty.go:60] [I] 获得service/mysql-1/leader成功 
2015/02/03 05:33:18 [empty.go:66] [I] 读取service.mysql-1/leader数据成功 [{"CreateIndex":80146,"ModifyIndex":89230,"LockIndex":24,"Key":"service/mysql-1/leader","Flags":0,"Value":"ewogIAkiTm9kZSI6ImNvbnN1bC1hZ2VudDIiLAogICAgIklQIjoiMTkyLjE2OC4yLjYyIiwKICAgICJQb3J0IjozMzA2LAogICAgInVzZXJuYW1lIjoicm9vdCIsCiAgICAicGFzc3dvcmQiOiIxMTExMTEiLAp9","Session":"8273263b-76fa-077c-3a47-43ec458df367"}] 
2015/02/03 05:33:18 [empty.go:73] [I] 解析service/mysql-1/leader信息成功 
2015/02/03 05:33:18 [empty.go:76] [I] session: 8273263b-76fa-077c-3a47-43ec458df367 
2015/02/03 05:33:18 [empty.go:80] [I] service/mysql-1/leader有数据 
2015/02/03 05:33:18 [empty.go:83] [I] service/mysql-leader中有session ID 
2015/02/03 05:33:39 [empty.go:53] [I] 获得service/mysql-1/leader的信息NewRequest成功 
2015/02/03 05:33:39 [empty.go:60] [I] 获得service/mysql-1/leader成功 
2015/02/03 05:33:39 [empty.go:66] [I] 读取service.mysql-1/leader数据成功 [{"CreateIndex":80146,"ModifyIndex":89231,"LockIndex":24,"Key":"service/mysql-1/leader","Flags":0,"Value":"ewogIAkiTm9kZSI6ImNvbnN1bC1hZ2VudDIiLAogICAgIklQIjoiMTkyLjE2OC4yLjYyIiwKICAgICJQb3J0IjozMzA2LAogICAgInVzZXJuYW1lIjoicm9vdCIsCiAgICAicGFzc3dvcmQiOiIxMTExMTEiLAp9"}] 
2015/02/03 05:33:39 [empty.go:73] [I] 解析service/mysql-1/leader信息成功 
2015/02/03 05:33:39 [empty.go:76] [I] session:  
2015/02/03 05:33:39 [empty.go:80] [I] service/mysql-1/leader有数据 
2015/02/03 05:33:39 [empty.go:200] [I] 获得mysql-1服务状态的NewRequest成功 <nil> 
2015/02/03 05:33:39 [empty.go:207] [I] 获得mysql-1服务状态成功 
2015/02/03 05:33:39 [empty.go:213] [I] mysql-1服务状态返回信息读取成功 
2015/02/03 05:33:39 [empty.go:220] [I] mysql-1服务状态返回信息解析成功 
2015/02/03 05:33:39 [empty.go:225] [I] 本机的mysql-1的服务状态是 consul-agent1 
2015/02/03 05:33:39 [empty.go:226] [I] 有mysql-1服务 
2015/02/03 05:33:39 [empty.go:237] [I] 本机的mysql-1服务不正常 
2015/02/03 05:33:39 [empty.go:53] [I] 获得service/mysql-1/leader的信息NewRequest成功 
2015/02/03 05:33:39 [empty.go:60] [I] 获得service/mysql-1/leader成功 
2015/02/03 05:33:39 [empty.go:66] [I] 读取service.mysql-1/leader数据成功 [{"CreateIndex":80146,"ModifyIndex":89233,"LockIndex":24,"Key":"service/mysql-1/leader","Flags":0,"Value":null}] 
2015/02/03 05:33:39 [empty.go:73] [I] 解析service/mysql-1/leader信息成功 
2015/02/03 05:33:39 [empty.go:76] [I] session:  
2015/02/03 05:33:39 [empty.go:80] [I] service/mysql-1/leader有数据 
2015/02/03 05:33:39 [empty.go:200] [I] 获得mysql-1服务状态的NewRequest成功 <nil> 
2015/02/03 05:33:39 [empty.go:207] [I] 获得mysql-1服务状态成功 
2015/02/03 05:33:39 [empty.go:213] [I] mysql-1服务状态返回信息读取成功 
2015/02/03 05:33:39 [empty.go:220] [I] mysql-1服务状态返回信息解析成功 
2015/02/03 05:33:39 [empty.go:225] [I] 本机的mysql-1的服务状态是 consul-agent1 
2015/02/03 05:33:39 [empty.go:226] [I] 有mysql-1服务 
2015/02/03 05:33:39 [empty.go:237] [I] 本机的mysql-1服务不正常 
2015/02/03 05:33:59 [empty.go:53] [I] 获得service/mysql-1/leader的信息NewRequest成功 
2015/02/03 05:33:59 [empty.go:60] [I] 获得service/mysql-1/leader成功 
2015/02/03 05:33:59 [empty.go:66] [I] 读取service.mysql-1/leader数据成功 [{"CreateIndex":80146,"ModifyIndex":89236,"LockIndex":25,"Key":"service/mysql-1/leader","Flags":0,"Value":"eyJOb2RlIjoiY29uc3VsLWFnZW50MSIsIklQIjoiMTkyLjE2OC4yLjYxIiwiUG9ydCI6MzMwNiwidXNlcm5hbWUiOiJyb290IiwicGFzc3dvcmQiOiIxMTExMTEifQ==","Session":"e03ef448-13ad-3232-ca8e-feae47263ba7"}] 
2015/02/03 05:33:59 [empty.go:73] [I] 解析service/mysql-1/leader信息成功 
2015/02/03 05:33:59 [empty.go:76] [I] session: e03ef448-13ad-3232-ca8e-feae47263ba7 
2015/02/03 05:33:59 [empty.go:80] [I] service/mysql-1/leader有数据 
2015/02/03 05:33:59 [empty.go:83] [I] service/mysql-leader中有session ID 
2015/02/03 05:35:03 [empty.go:53] [I] 获得service/mysql-1/leader的信息NewRequest成功 
2015/02/03 05:35:03 [empty.go:60] [I] 获得service/mysql-1/leader成功 
2015/02/03 05:35:03 [empty.go:66] [I] 读取service.mysql-1/leader数据成功 [{"CreateIndex":80146,"ModifyIndex":89243,"LockIndex":25,"Key":"service/mysql-1/leader","Flags":0,"Value":"eyJOb2RlIjoiY29uc3VsLWFnZW50MSIsIklQIjoiMTkyLjE2OC4yLjYxIiwiUG9ydCI6MzMwNiwidXNlcm5hbWUiOiJyb290IiwicGFzc3dvcmQiOiIxMTExMTEifQ=="}] 
2015/02/03 05:35:03 [empty.go:73] [I] 解析service/mysql-1/leader信息成功 
2015/02/03 05:35:03 [empty.go:76] [I] session:  
2015/02/03 05:35:03 [empty.go:80] [I] service/mysql-1/leader有数据 
2015/02/03 05:35:03 [empty.go:200] [I] 获得mysql-1服务状态的NewRequest成功 <nil> 
2015/02/03 05:35:03 [empty.go:207] [I] 获得mysql-1服务状态成功 
2015/02/03 05:35:03 [empty.go:213] [I] mysql-1服务状态返回信息读取成功 
2015/02/03 05:35:03 [empty.go:220] [I] mysql-1服务状态返回信息解析成功 
2015/02/03 05:35:03 [empty.go:225] [I] 本机的mysql-1的服务状态是 consul-agent2 
2015/02/03 05:35:03 [empty.go:226] [I] 有mysql-1服务 
2015/02/03 05:35:03 [empty.go:231] [I] 本机mysql-1服务正常 
2015/02/03 05:35:03 [empty.go:177] [I] 更新service/mysql-1/leader的NewRequest成功 
2015/02/03 05:35:03 [empty.go:184] [I] 更新service/mysql-1/leader成功 
2015/02/03 05:35:03 [slave.go:21] [I] 连接mysql数据库成功 
2015/02/03 05:35:03 [slave.go:27] [I] 关闭slave线程成功 
2015/02/03 05:35:03 [slave.go:33] [I] 查询slave状态成功 
2015/02/03 05:35:03 [slave.go:59] [I] SQL的复制线程正常 
2015/02/03 05:35:03 [slave.go:66] [I] 执行master_pos_wait函数成功 
2015/02/03 05:35:03 [slave.go:78] [I] 切换数据库成功 
2015/02/03 05:35:03 [slave.go:84] [I] 设置可读可写成功 
2015/02/03 05:35:03 [empty.go:103] [I] NewRequest方法执行成功 
2015/02/03 05:35:03 [empty.go:107] [I] 200 
2015/02/03 05:35:03 [empty.go:112] [I] session 创建成功 
2015/02/03 05:35:03 [empty.go:119] [I] 读取session数据成功 
2015/02/03 05:35:03 [empty.go:127] [I] 解析session ID成功 
2015/02/03 05:35:03 [empty.go:128] [I] session ID: 2beabf0a-afab-66a8-481f-207f241d3fee 
2015/02/03 05:35:23 [empty.go:131] [I] acquire: acquire=2beabf0a-afab-66a8-481f-207f241d3fee 
2015/02/03 05:35:23 [empty.go:144] [I] acquire NewRequest方法执行成功 
2015/02/03 05:35:23 [empty.go:152] [I] acquire 加入锁成功 
2015/02/03 05:35:23 [empty.go:160] [I] 读取 acquire 数据成功 
2015/02/03 05:35:23 [empty.go:161] [I] kv acquire: true 
2015/02/03 05:35:23 [empty.go:53] [I] 获得service/mysql-1/leader的信息NewRequest成功 
2015/02/03 05:35:23 [empty.go:60] [I] 获得service/mysql-1/leader成功 
2015/02/03 05:35:23 [empty.go:66] [I] 读取service.mysql-1/leader数据成功 [{"CreateIndex":80146,"ModifyIndex":89247,"LockIndex":26,"Key":"service/mysql-1/leader","Flags":0,"Value":"eyJOb2RlIjoiY29uc3VsLWFnZW50MiIsIklQIjoiMTkyLjE2OC4yLjYyIiwiUG9ydCI6MzMwNiwidXNlcm5hbWUiOiJyb290IiwicGFzc3dvcmQiOiIxMTExMTEifQ==","Session":"2beabf0a-afab-66a8-481f-207f241d3fee"}] 
2015/02/03 05:35:23 [empty.go:73] [I] 解析service/mysql-1/leader信息成功 
2015/02/03 05:35:23 [empty.go:76] [I] session: 2beabf0a-afab-66a8-481f-207f241d3fee 
2015/02/03 05:35:23 [empty.go:80] [I] service/mysql-1/leader有数据 
2015/02/03 05:35:23 [empty.go:83] [I] service/mysql-leader中有session ID 
2015/02/03 05:35:55 [empty.go:53] [I] 获得service/mysql-1/leader的信息NewRequest成功 
2015/02/03 05:35:55 [empty.go:60] [I] 获得service/mysql-1/leader成功 
2015/02/03 05:35:55 [empty.go:66] [I] 读取service.mysql-1/leader数据成功 [{"CreateIndex":80146,"ModifyIndex":89252,"LockIndex":26,"Key":"service/mysql-1/leader","Flags":0,"Value":"eyJOb2RlIjoiY29uc3VsLWFnZW50MiIsIklQIjoiMTkyLjE2OC4yLjYyIiwiUG9ydCI6MzMwNiwidXNlcm5hbWUiOiJyb290IiwicGFzc3dvcmQiOiIxMTExMTEifQ=="}] 
2015/02/03 05:35:55 [empty.go:73] [I] 解析service/mysql-1/leader信息成功 
2015/02/03 05:35:55 [empty.go:76] [I] session:  
2015/02/03 05:35:55 [empty.go:80] [I] service/mysql-1/leader有数据 
2015/02/03 05:35:55 [empty.go:200] [I] 获得mysql-1服务状态的NewRequest成功 <nil> 
2015/02/03 05:35:55 [empty.go:207] [I] 获得mysql-1服务状态成功 
2015/02/03 05:35:55 [empty.go:213] [I] mysql-1服务状态返回信息读取成功 
2015/02/03 05:35:55 [empty.go:220] [I] mysql-1服务状态返回信息解析成功 
2015/02/03 05:35:55 [empty.go:225] [I] 本机的mysql-1的服务状态是 consul-agent1 
2015/02/03 05:35:55 [empty.go:226] [I] 有mysql-1服务 
2015/02/03 05:35:55 [empty.go:237] [I] 本机的mysql-1服务不正常 
2015/02/03 05:35:55 [empty.go:53] [I] 获得service/mysql-1/leader的信息NewRequest成功 
2015/02/03 05:35:55 [empty.go:60] [I] 获得service/mysql-1/leader成功 
2015/02/03 05:35:55 [empty.go:66] [I] 读取service.mysql-1/leader数据成功 [{"CreateIndex":80146,"ModifyIndex":89254,"LockIndex":26,"Key":"service/mysql-1/leader","Flags":0,"Value":null}] 
2015/02/03 05:35:55 [empty.go:73] [I] 解析service/mysql-1/leader信息成功 
2015/02/03 05:35:55 [empty.go:76] [I] session:  
2015/02/03 05:35:55 [empty.go:80] [I] service/mysql-1/leader有数据 
2015/02/03 05:35:55 [empty.go:200] [I] 获得mysql-1服务状态的NewRequest成功 <nil> 
2015/02/03 05:35:55 [empty.go:207] [I] 获得mysql-1服务状态成功 
2015/02/03 05:35:55 [empty.go:213] [I] mysql-1服务状态返回信息读取成功 
2015/02/03 05:35:55 [empty.go:220] [I] mysql-1服务状态返回信息解析成功 
2015/02/03 05:35:55 [empty.go:225] [I] 本机的mysql-1的服务状态是 consul-agent1 
2015/02/03 05:35:55 [empty.go:226] [I] 有mysql-1服务 
2015/02/03 05:35:55 [empty.go:237] [I] 本机的mysql-1服务不正常 
2015/02/03 05:36:15 [empty.go:53] [I] 获得service/mysql-1/leader的信息NewRequest成功 
2015/02/03 05:36:15 [empty.go:60] [I] 获得service/mysql-1/leader成功 
2015/02/03 05:36:15 [empty.go:66] [I] 读取service.mysql-1/leader数据成功 [{"CreateIndex":80146,"ModifyIndex":89256,"LockIndex":27,"Key":"service/mysql-1/leader","Flags":0,"Value":"eyJOb2RlIjoiY29uc3VsLWFnZW50MSIsIklQIjoiMTkyLjE2OC4yLjYxIiwiUG9ydCI6MzMwNiwidXNlcm5hbWUiOiJyb290IiwicGFzc3dvcmQiOiIxMTExMTEifQ==","Session":"2d4f9ac9-d50a-bb49-9c0a-eb4407dbab0e"}] 
2015/02/03 05:36:15 [empty.go:73] [I] 解析service/mysql-1/leader信息成功 
2015/02/03 05:36:15 [empty.go:76] [I] session: 2d4f9ac9-d50a-bb49-9c0a-eb4407dbab0e 
2015/02/03 05:36:15 [empty.go:80] [I] service/mysql-1/leader有数据 
2015/02/03 05:36:15 [empty.go:83] [I] service/mysql-leader中有session ID 
2015/02/03 05:37:27 [empty.go:53] [I] 获得service/mysql-1/leader的信息NewRequest成功 
2015/02/03 05:37:27 [empty.go:60] [I] 获得service/mysql-1/leader成功 
2015/02/03 05:37:27 [empty.go:66] [I] 读取service.mysql-1/leader数据成功 [{"CreateIndex":80146,"ModifyIndex":89261,"LockIndex":27,"Key":"service/mysql-1/leader","Flags":0,"Value":"eyJOb2RlIjoiY29uc3VsLWFnZW50MSIsIklQIjoiMTkyLjE2OC4yLjYxIiwiUG9ydCI6MzMwNiwidXNlcm5hbWUiOiJyb290IiwicGFzc3dvcmQiOiIxMTExMTEifQ=="}] 
2015/02/03 05:37:27 [empty.go:73] [I] 解析service/mysql-1/leader信息成功 
2015/02/03 05:37:27 [empty.go:76] [I] session:  
2015/02/03 05:37:27 [empty.go:80] [I] service/mysql-1/leader有数据 
2015/02/03 05:37:27 [empty.go:200] [I] 获得mysql-1服务状态的NewRequest成功 <nil> 
2015/02/03 05:37:27 [empty.go:207] [I] 获得mysql-1服务状态成功 
2015/02/03 05:37:27 [empty.go:213] [I] mysql-1服务状态返回信息读取成功 
2015/02/03 05:37:27 [empty.go:220] [I] mysql-1服务状态返回信息解析成功 
2015/02/03 05:37:27 [empty.go:225] [I] 本机的mysql-1的服务状态是 consul-agent2 
2015/02/03 05:37:27 [empty.go:226] [I] 有mysql-1服务 
2015/02/03 05:37:27 [empty.go:231] [I] 本机mysql-1服务正常 
2015/02/03 05:37:27 [empty.go:177] [I] 更新service/mysql-1/leader的NewRequest成功 
2015/02/03 05:37:28 [empty.go:184] [I] 更新service/mysql-1/leader成功 
2015/02/03 05:37:28 [slave.go:21] [I] 连接mysql数据库成功 
2015/02/03 05:37:28 [slave.go:27] [I] 关闭slave线程成功 
2015/02/03 05:37:28 [slave.go:33] [I] 查询slave状态成功 
2015/02/03 05:37:28 [slave.go:59] [I] SQL的复制线程正常 
2015/02/03 05:37:28 [slave.go:66] [I] 执行master_pos_wait函数成功 
2015/02/03 05:37:28 [slave.go:78] [I] 切换数据库成功 
2015/02/03 05:37:28 [slave.go:84] [I] 设置可读可写成功 
2015/02/03 05:37:28 [empty.go:103] [I] NewRequest方法执行成功 
2015/02/03 05:37:28 [empty.go:107] [I] 200 
2015/02/03 05:37:28 [empty.go:112] [I] session 创建成功 
2015/02/03 05:37:28 [empty.go:119] [I] 读取session数据成功 
2015/02/03 05:37:28 [empty.go:127] [I] 解析session ID成功 
2015/02/03 05:37:28 [empty.go:128] [I] session ID: 15e45902-adfb-e968-ebf0-63731b464f7c 
2015/02/03 05:37:48 [empty.go:131] [I] acquire: acquire=15e45902-adfb-e968-ebf0-63731b464f7c 
2015/02/03 05:37:48 [empty.go:144] [I] acquire NewRequest方法执行成功 
2015/02/03 05:37:48 [empty.go:152] [I] acquire 加入锁成功 
2015/02/03 05:37:48 [empty.go:160] [I] 读取 acquire 数据成功 
2015/02/03 05:37:48 [empty.go:161] [I] kv acquire: true 
2015/02/03 05:37:48 [empty.go:53] [I] 获得service/mysql-1/leader的信息NewRequest成功 
2015/02/03 05:37:48 [empty.go:60] [I] 获得service/mysql-1/leader成功 
2015/02/03 05:37:48 [empty.go:66] [I] 读取service.mysql-1/leader数据成功 [{"CreateIndex":80146,"ModifyIndex":89265,"LockIndex":28,"Key":"service/mysql-1/leader","Flags":0,"Value":"eyJOb2RlIjoiY29uc3VsLWFnZW50MiIsIklQIjoiMTkyLjE2OC4yLjYyIiwiUG9ydCI6MzMwNiwidXNlcm5hbWUiOiJyb290IiwicGFzc3dvcmQiOiIxMTExMTEifQ==","Session":"15e45902-adfb-e968-ebf0-63731b464f7c"}] 
2015/02/03 05:37:48 [empty.go:73] [I] 解析service/mysql-1/leader信息成功 
2015/02/03 05:37:48 [empty.go:76] [I] session: 15e45902-adfb-e968-ebf0-63731b464f7c 
2015/02/03 05:37:48 [empty.go:80] [I] service/mysql-1/leader有数据 
2015/02/03 05:37:48 [empty.go:83] [I] service/mysql-leader中有session ID 
2015/02/03 05:38:24 [empty.go:53] [I] 获得service/mysql-1/leader的信息NewRequest成功 
2015/02/03 05:38:24 [empty.go:60] [I] 获得service/mysql-1/leader成功 
2015/02/03 05:38:24 [empty.go:66] [I] 读取service.mysql-1/leader数据成功 [{"CreateIndex":80146,"ModifyIndex":89265,"LockIndex":28,"Key":"service/mysql-1/leader","Flags":0,"Value":"eyJOb2RlIjoiY29uc3VsLWFnZW50MiIsIklQIjoiMTkyLjE2OC4yLjYyIiwiUG9ydCI6MzMwNiwidXNlcm5hbWUiOiJyb290IiwicGFzc3dvcmQiOiIxMTExMTEifQ==","Session":"15e45902-adfb-e968-ebf0-63731b464f7c"}] 
2015/02/03 05:38:24 [empty.go:73] [I] 解析service/mysql-1/leader信息成功 
2015/02/03 05:38:24 [empty.go:76] [I] session: 15e45902-adfb-e968-ebf0-63731b464f7c 
2015/02/03 05:38:24 [empty.go:80] [I] service/mysql-1/leader有数据 
2015/02/03 05:38:24 [empty.go:83] [I] service/mysql-leader中有session ID 
2015/02/03 05:38:24 [empty.go:53] [I] 获得service/mysql-1/leader的信息NewRequest成功 
2015/02/03 05:38:24 [empty.go:60] [I] 获得service/mysql-1/leader成功 
2015/02/03 05:38:24 [empty.go:66] [I] 读取service.mysql-1/leader数据成功 [{"CreateIndex":80146,"ModifyIndex":89274,"LockIndex":28,"Key":"service/mysql-1/leader","Flags":0,"Value":"eyJOb2RlIjoiY29uc3VsLWFnZW50MiIsIklQIjoiMTkyLjE2OC4yLjYyIiwiUG9ydCI6MzMwNiwidXNlcm5hbWUiOiJyb290IiwicGFzc3dvcmQiOiIxMTExMTEifQ=="}] 
2015/02/03 05:38:24 [empty.go:73] [I] 解析service/mysql-1/leader信息成功 
2015/02/03 05:38:24 [empty.go:76] [I] session:  
2015/02/03 05:38:24 [empty.go:80] [I] service/mysql-1/leader有数据 
2015/02/03 05:38:24 [empty.go:200] [I] 获得mysql-1服务状态的NewRequest成功 <nil> 
2015/02/03 05:38:24 [empty.go:207] [I] 获得mysql-1服务状态成功 
2015/02/03 05:38:24 [empty.go:213] [I] mysql-1服务状态返回信息读取成功 
2015/02/03 05:38:24 [empty.go:220] [I] mysql-1服务状态返回信息解析成功 
2015/02/03 05:38:24 [empty.go:225] [I] 本机的mysql-1的服务状态是 consul-agent1 
2015/02/03 05:38:24 [empty.go:226] [I] 有mysql-1服务 
2015/02/03 05:38:24 [empty.go:231] [I] 本机mysql-1服务正常 
2015/02/03 05:38:24 [empty.go:177] [I] 更新service/mysql-1/leader的NewRequest成功 
2015/02/03 05:38:24 [empty.go:184] [I] 更新service/mysql-1/leader成功 
2015/02/03 05:38:24 [slave.go:21] [I] 连接mysql数据库成功 
2015/02/03 05:38:24 [slave.go:27] [I] 关闭slave线程成功 
2015/02/03 05:38:24 [slave.go:33] [I] 查询slave状态成功 
2015/02/03 05:38:24 [slave.go:59] [I] SQL的复制线程正常 
2015/02/03 05:38:24 [slave.go:66] [I] 执行master_pos_wait函数成功 
2015/02/03 05:38:24 [slave.go:78] [I] 切换数据库成功 
2015/02/03 05:38:24 [slave.go:84] [I] 设置可读可写成功 
2015/02/03 05:38:24 [empty.go:103] [I] NewRequest方法执行成功 
2015/02/03 05:38:24 [empty.go:107] [I] 200 
2015/02/03 05:38:24 [empty.go:112] [I] session 创建成功 
2015/02/03 05:38:24 [empty.go:119] [I] 读取session数据成功 
2015/02/03 05:38:24 [empty.go:127] [I] 解析session ID成功 
2015/02/03 05:38:24 [empty.go:128] [I] session ID: 02f6f235-a193-62df-43e0-92f807c85310 
2015/02/03 05:38:44 [empty.go:131] [I] acquire: acquire=02f6f235-a193-62df-43e0-92f807c85310 
2015/02/03 05:38:44 [empty.go:144] [I] acquire NewRequest方法执行成功 
2015/02/03 05:38:45 [empty.go:152] [I] acquire 加入锁成功 
2015/02/03 05:38:45 [empty.go:160] [I] 读取 acquire 数据成功 
2015/02/03 05:38:45 [empty.go:161] [I] kv acquire: true 
2015/02/03 05:38:45 [empty.go:53] [I] 获得service/mysql-1/leader的信息NewRequest成功 
2015/02/03 05:38:45 [empty.go:60] [I] 获得service/mysql-1/leader成功 
2015/02/03 05:38:45 [empty.go:66] [I] 读取service.mysql-1/leader数据成功 [{"CreateIndex":80146,"ModifyIndex":89280,"LockIndex":29,"Key":"service/mysql-1/leader","Flags":0,"Value":"eyJOb2RlIjoiY29uc3VsLWFnZW50MiIsIklQIjoiMTkyLjE2OC4yLjYyIiwiUG9ydCI6MzMwNiwidXNlcm5hbWUiOiJyb290IiwicGFzc3dvcmQiOiIxMTExMTEifQ==","Session":"02f6f235-a193-62df-43e0-92f807c85310"}] 
2015/02/03 05:38:45 [empty.go:73] [I] 解析service/mysql-1/leader信息成功 
2015/02/03 05:38:45 [empty.go:76] [I] session: 02f6f235-a193-62df-43e0-92f807c85310 
2015/02/03 05:38:45 [empty.go:80] [I] service/mysql-1/leader有数据 
2015/02/03 05:38:45 [empty.go:83] [I] service/mysql-leader中有session ID 
